{"level":"info","message":"Servidor iniciado en el puerto 3000 en modo development","service":"api-notes","timestamp":"2025-05-17T03:32:07.778Z"}
{"level":"http","message":"f811ed46-151f-41b0-8b6b-428343180e9d POST /api/notes 201 - 27.093 ms","service":"api-notes","timestamp":"2025-05-17T03:32:44.927Z"}
{"level":"http","message":{"method":"POST","requestId":"f811ed46-151f-41b0-8b6b-428343180e9d","responseTime":"28.97ms","status":201,"url":"/api/notes"},"service":"api-notes","timestamp":"2025-05-17T03:32:44.927Z"}
{"level":"http","message":"911ebeed-ff8e-4ac1-8afd-b93ba0994d92 GET /api/notes 200 - 6.170 ms","service":"api-notes","timestamp":"2025-05-17T03:33:19.668Z"}
{"level":"http","message":{"method":"GET","requestId":"911ebeed-ff8e-4ac1-8afd-b93ba0994d92","responseTime":"6.73ms","status":200,"url":"/api/notes"},"service":"api-notes","timestamp":"2025-05-17T03:33:19.669Z"}
{"level":"http","message":"8406deb7-d03a-44e1-825d-19509d25e0d0 GET /api/notes/6826b8edcc58ee449c10f719 200 - 2.884 ms","service":"api-notes","timestamp":"2025-05-17T03:33:31.413Z"}
{"level":"http","message":{"method":"GET","requestId":"8406deb7-d03a-44e1-825d-19509d25e0d0","responseTime":"3.41ms","status":200,"url":"/api/notes/6826b8edcc58ee449c10f719"},"service":"api-notes","timestamp":"2025-05-17T03:33:31.414Z"}
{"level":"http","message":"1913287c-6da8-4a08-a7f5-5bdeb57cf3ee PUT /api/notes/6826b8edcc58ee449c10f719 400 - 1.632 ms","service":"api-notes","timestamp":"2025-05-17T03:34:02.312Z"}
{"level":"http","message":{"method":"PUT","requestId":"1913287c-6da8-4a08-a7f5-5bdeb57cf3ee","responseTime":"2.39ms","status":400,"url":"/api/notes/6826b8edcc58ee449c10f719"},"service":"api-notes","timestamp":"2025-05-17T03:34:02.312Z"}
{"level":"info","message":"Servidor iniciado en el puerto 3000 en modo development","service":"api-notes","timestamp":"2025-05-17T03:36:55.436Z"}
{"level":"info","message":"Servidor iniciado en el puerto 3000 en modo development","service":"api-notes","timestamp":"2025-05-17T03:46:12.441Z"}
{"level":"info","message":"Documentación disponible en http://localhost:3000/api-docs","service":"api-notes","timestamp":"2025-05-17T03:46:12.441Z"}
{"level":"http","message":"94472f64-f39a-4ea8-8ad6-8b8b4dc64664 GET /api-docs 301 - 1.568 ms","service":"api-notes","timestamp":"2025-05-17T03:46:15.196Z"}
{"level":"http","message":{"method":"GET","requestId":"94472f64-f39a-4ea8-8ad6-8b8b4dc64664","responseTime":"2.91ms","status":301,"url":"/api-docs"},"service":"api-notes","timestamp":"2025-05-17T03:46:15.197Z"}
{"level":"http","message":"35adefc4-f5ef-4b72-ad98-0adbe6cec74e GET /api-docs/ 200 - 1.112 ms","service":"api-notes","timestamp":"2025-05-17T03:46:15.200Z"}
{"level":"http","message":{"method":"GET","requestId":"35adefc4-f5ef-4b72-ad98-0adbe6cec74e","responseTime":"2.10ms","status":200,"url":"/api-docs/"},"service":"api-notes","timestamp":"2025-05-17T03:46:15.201Z"}
{"level":"http","message":"fe086189-c975-4483-a1ef-c83ff154613a GET /api-docs/swagger-ui.css 200 - 1.267 ms","service":"api-notes","timestamp":"2025-05-17T03:46:15.230Z"}
{"level":"http","message":{"method":"GET","requestId":"fe086189-c975-4483-a1ef-c83ff154613a","responseTime":"2.41ms","status":200,"url":"/api-docs/swagger-ui.css"},"service":"api-notes","timestamp":"2025-05-17T03:46:15.230Z"}
{"level":"http","message":"93059880-4430-4c53-9036-21e11c4e1caa GET /api-docs/swagger-ui-init.js 200 - 0.157 ms","service":"api-notes","timestamp":"2025-05-17T03:46:15.242Z"}
{"level":"http","message":{"method":"GET","requestId":"93059880-4430-4c53-9036-21e11c4e1caa","responseTime":"1.03ms","status":200,"url":"/api-docs/swagger-ui-init.js"},"service":"api-notes","timestamp":"2025-05-17T03:46:15.242Z"}
{"level":"http","message":"7e6de045-3270-4e19-98af-00d6bbb87f8c GET /api-docs/swagger-ui-standalone-preset.js 200 - 2.321 ms","service":"api-notes","timestamp":"2025-05-17T03:46:15.244Z"}
{"level":"http","message":{"method":"GET","requestId":"7e6de045-3270-4e19-98af-00d6bbb87f8c","responseTime":"3.29ms","status":200,"url":"/api-docs/swagger-ui-standalone-preset.js"},"service":"api-notes","timestamp":"2025-05-17T03:46:15.244Z"}
{"level":"http","message":"cf82446f-8520-485e-a6f6-f88400678d8b GET /api-docs/swagger-ui-bundle.js 200 - 2.394 ms","service":"api-notes","timestamp":"2025-05-17T03:46:15.247Z"}
{"level":"http","message":{"method":"GET","requestId":"cf82446f-8520-485e-a6f6-f88400678d8b","responseTime":"6.83ms","status":200,"url":"/api-docs/swagger-ui-bundle.js"},"service":"api-notes","timestamp":"2025-05-17T03:46:15.247Z"}
{"level":"info","message":"Servidor iniciado en el puerto 3000 en modo development","service":"api-notes","timestamp":"2025-05-17T03:48:23.325Z"}
{"level":"info","message":"Documentación disponible en http://localhost:3000/api-docs","service":"api-notes","timestamp":"2025-05-17T03:48:23.326Z"}
{"level":"info","message":"Servidor iniciado en el puerto 3000 en modo development","service":"api-notes","timestamp":"2025-05-17T03:48:24.902Z"}
{"level":"info","message":"Documentación disponible en http://localhost:3000/api-docs","service":"api-notes","timestamp":"2025-05-17T03:48:24.902Z"}
{"level":"info","message":"Servidor iniciado en el puerto 3000 en modo development","service":"api-notes","timestamp":"2025-05-17T03:48:44.492Z"}
{"level":"info","message":"Documentación disponible en http://localhost:3000/api-docs","service":"api-notes","timestamp":"2025-05-17T03:48:44.492Z"}
{"level":"info","message":"Servidor iniciado en el puerto 3000 en modo development","service":"api-notes","timestamp":"2025-05-17T03:48:48.738Z"}
{"level":"info","message":"Documentación disponible en http://localhost:3000/api-docs","service":"api-notes","timestamp":"2025-05-17T03:48:48.738Z"}
{"level":"info","message":"Servidor iniciado en el puerto 3000 en modo development","service":"api-notes","timestamp":"2025-05-17T03:48:50.215Z"}
{"level":"info","message":"Documentación disponible en http://localhost:3000/api-docs","service":"api-notes","timestamp":"2025-05-17T03:48:50.216Z"}
{"level":"info","message":"Servidor iniciado en el puerto 3000 en modo development","service":"api-notes","timestamp":"2025-05-17T03:48:56.628Z"}
{"level":"info","message":"Documentación disponible en http://localhost:3000/api-docs","service":"api-notes","timestamp":"2025-05-17T03:48:56.629Z"}
{"level":"http","message":"0d75c3a7-3c73-4f85-8743-5d0c7187bfe1 GET /api-docs/ 304 - 2.133 ms","service":"api-notes","timestamp":"2025-05-17T03:49:02.298Z"}
{"level":"http","message":{"method":"GET","requestId":"0d75c3a7-3c73-4f85-8743-5d0c7187bfe1","responseTime":"3.41ms","status":304,"url":"/api-docs/"},"service":"api-notes","timestamp":"2025-05-17T03:49:02.299Z"}
{"level":"http","message":"d59d1cc2-4ea0-4a9f-9fca-5a7d49b1c5f4 GET /api-docs/swagger-ui.css 304 - 1.238 ms","service":"api-notes","timestamp":"2025-05-17T03:49:02.307Z"}
{"level":"http","message":{"method":"GET","requestId":"d59d1cc2-4ea0-4a9f-9fca-5a7d49b1c5f4","responseTime":"1.76ms","status":304,"url":"/api-docs/swagger-ui.css"},"service":"api-notes","timestamp":"2025-05-17T03:49:02.308Z"}
{"level":"http","message":"5feaa995-8d2a-4319-8e1b-7aaa716cc30e GET /api-docs/swagger-ui-bundle.js 304 - 1.726 ms","service":"api-notes","timestamp":"2025-05-17T03:49:02.308Z"}
{"level":"http","message":{"method":"GET","requestId":"5feaa995-8d2a-4319-8e1b-7aaa716cc30e","responseTime":"2.01ms","status":304,"url":"/api-docs/swagger-ui-bundle.js"},"service":"api-notes","timestamp":"2025-05-17T03:49:02.308Z"}
{"level":"http","message":"a34d2ec1-1e61-4004-b368-17d1a3cd9648 GET /api-docs/swagger-ui-init.js 200 - 0.327 ms","service":"api-notes","timestamp":"2025-05-17T03:49:02.310Z"}
{"level":"http","message":{"method":"GET","requestId":"a34d2ec1-1e61-4004-b368-17d1a3cd9648","responseTime":"1.13ms","status":200,"url":"/api-docs/swagger-ui-init.js"},"service":"api-notes","timestamp":"2025-05-17T03:49:02.310Z"}
{"level":"http","message":"09f0053b-830e-4173-915f-2d2e2d7543c6 GET /api-docs/swagger-ui-standalone-preset.js 304 - 4.051 ms","service":"api-notes","timestamp":"2025-05-17T03:49:02.311Z"}
{"level":"http","message":{"method":"GET","requestId":"09f0053b-830e-4173-915f-2d2e2d7543c6","responseTime":"4.48ms","status":304,"url":"/api-docs/swagger-ui-standalone-preset.js"},"service":"api-notes","timestamp":"2025-05-17T03:49:02.311Z"}
{"level":"info","message":"Servidor iniciado en el puerto 3000 en modo development","service":"api-notes","timestamp":"2025-05-17T03:52:11.151Z"}
{"level":"info","message":"Documentación disponible en http://localhost:3000/api-docs","service":"api-notes","timestamp":"2025-05-17T03:52:11.152Z"}
{"level":"http","message":"e631d3f1-f58d-48f4-b2c6-11c890b97b4e GET /api-docs/ 304 - 1.940 ms","service":"api-notes","timestamp":"2025-05-17T03:52:16.579Z"}
{"level":"http","message":{"method":"GET","requestId":"e631d3f1-f58d-48f4-b2c6-11c890b97b4e","responseTime":"3.52ms","status":304,"url":"/api-docs/"},"service":"api-notes","timestamp":"2025-05-17T03:52:16.579Z"}
{"level":"http","message":"f85afbd3-bec5-4581-ac11-65147f5cd8e4 GET /api-docs/swagger-ui-init.js 304 - 0.152 ms","service":"api-notes","timestamp":"2025-05-17T03:52:16.587Z"}
{"level":"http","message":{"method":"GET","requestId":"f85afbd3-bec5-4581-ac11-65147f5cd8e4","responseTime":"0.73ms","status":304,"url":"/api-docs/swagger-ui-init.js"},"service":"api-notes","timestamp":"2025-05-17T03:52:16.587Z"}
{"level":"http","message":"3a4ed317-2c80-4f98-886a-05dd0100b190 GET /api-docs/swagger-ui.css 304 - 2.432 ms","service":"api-notes","timestamp":"2025-05-17T03:52:16.588Z"}
{"level":"http","message":{"method":"GET","requestId":"3a4ed317-2c80-4f98-886a-05dd0100b190","responseTime":"2.75ms","status":304,"url":"/api-docs/swagger-ui.css"},"service":"api-notes","timestamp":"2025-05-17T03:52:16.588Z"}
{"level":"http","message":"8c86895d-753b-4c86-b3b1-20c3e9943452 GET /api-docs/swagger-ui-bundle.js 304 - 2.875 ms","service":"api-notes","timestamp":"2025-05-17T03:52:16.589Z"}
{"level":"http","message":{"method":"GET","requestId":"8c86895d-753b-4c86-b3b1-20c3e9943452","responseTime":"3.37ms","status":304,"url":"/api-docs/swagger-ui-bundle.js"},"service":"api-notes","timestamp":"2025-05-17T03:52:16.589Z"}
{"level":"http","message":"9030e452-93c9-43bd-ba8c-90218503cad6 GET /api-docs/swagger-ui-standalone-preset.js 304 - 2.294 ms","service":"api-notes","timestamp":"2025-05-17T03:52:16.590Z"}
{"level":"http","message":{"method":"GET","requestId":"9030e452-93c9-43bd-ba8c-90218503cad6","responseTime":"2.61ms","status":304,"url":"/api-docs/swagger-ui-standalone-preset.js"},"service":"api-notes","timestamp":"2025-05-17T03:52:16.590Z"}
{"level":"info","message":"Servidor iniciado en el puerto 3000 en modo development","service":"api-notes","timestamp":"2025-05-17T03:55:15.727Z"}
{"level":"info","message":"Documentación disponible en http://localhost:3000/api-docs","service":"api-notes","timestamp":"2025-05-17T03:55:15.728Z"}
{"level":"http","message":"fa4d1d88-918c-407f-ba9d-5d1ae3376c3a GET /api-docs/ 304 - 2.122 ms","service":"api-notes","timestamp":"2025-05-17T03:55:19.987Z"}
{"level":"http","message":{"method":"GET","requestId":"fa4d1d88-918c-407f-ba9d-5d1ae3376c3a","responseTime":"3.54ms","status":304,"url":"/api-docs/"},"service":"api-notes","timestamp":"2025-05-17T03:55:19.988Z"}
{"level":"http","message":"e78a7337-e845-4fa4-82e8-9011893522c5 GET /api-docs/swagger-ui.css 304 - 0.736 ms","service":"api-notes","timestamp":"2025-05-17T03:55:19.995Z"}
{"level":"http","message":{"method":"GET","requestId":"e78a7337-e845-4fa4-82e8-9011893522c5","responseTime":"1.28ms","status":304,"url":"/api-docs/swagger-ui.css"},"service":"api-notes","timestamp":"2025-05-17T03:55:19.995Z"}
{"level":"http","message":"e5ccaef9-e171-4c3f-b763-e03fc6762b6d GET /api-docs/swagger-ui-init.js 200 - 0.243 ms","service":"api-notes","timestamp":"2025-05-17T03:55:19.997Z"}
{"level":"http","message":{"method":"GET","requestId":"e5ccaef9-e171-4c3f-b763-e03fc6762b6d","responseTime":"0.91ms","status":200,"url":"/api-docs/swagger-ui-init.js"},"service":"api-notes","timestamp":"2025-05-17T03:55:19.998Z"}
{"level":"http","message":"88613fce-6277-431f-865f-cbd8efaf213a GET /api-docs/swagger-ui-bundle.js 304 - 1.906 ms","service":"api-notes","timestamp":"2025-05-17T03:55:19.998Z"}
{"level":"http","message":{"method":"GET","requestId":"88613fce-6277-431f-865f-cbd8efaf213a","responseTime":"2.42ms","status":304,"url":"/api-docs/swagger-ui-bundle.js"},"service":"api-notes","timestamp":"2025-05-17T03:55:19.999Z"}
{"level":"http","message":"a4463b75-29b1-46f3-8eea-011a325d06a0 GET /api-docs/swagger-ui-standalone-preset.js 304 - 2.543 ms","service":"api-notes","timestamp":"2025-05-17T03:55:19.999Z"}
{"level":"http","message":{"method":"GET","requestId":"a4463b75-29b1-46f3-8eea-011a325d06a0","responseTime":"2.85ms","status":304,"url":"/api-docs/swagger-ui-standalone-preset.js"},"service":"api-notes","timestamp":"2025-05-17T03:55:19.999Z"}
